<html>
<head>
<title>TestNG:  Amazon Test</title>
<link href="../testng.css" rel="stylesheet" type="text/css" />
<link href="../my-testng.css" rel="stylesheet" type="text/css" />

<style type="text/css">
.log { display: none;} 
.stack-trace { display: none;} 
</style>
<script type="text/javascript">
<!--
function flip(e) {
  current = e.style.display;
  if (current == 'block') {
    e.style.display = 'none';
    return 0;
  }
  else {
    e.style.display = 'block';
    return 1;
  }
}

function toggleBox(szDivId, elem, msg1, msg2)
{
  var res = -1;  if (document.getElementById) {
    res = flip(document.getElementById(szDivId));
  }
  else if (document.all) {
    // this is the way old msie versions work
    res = flip(document.all[szDivId]);
  }
  if(elem) {
    if(res == 0) elem.innerHTML = msg1; else elem.innerHTML = msg2;
  }

}

function toggleAllBoxes() {
  if (document.getElementsByTagName) {
    d = document.getElementsByTagName('div');
    for (i = 0; i < d.length; i++) {
      if (d[i].className == 'log') {
        flip(d[i]);
      }
    }
  }
}

// -->
</script>

</head>
<body>
<h2 align='center'>Amazon Test</h2><table border='1' align="center">
<tr>
<td>Tests passed/Failed/Skipped:</td><td>8/1/0</td>
</tr><tr>
<td>Started on:</td><td>Wed Dec 20 16:51:45 IST 2023</td>
</tr>
<tr><td>Total time:</td><td>69 seconds (69300 ms)</td>
</tr><tr>
<td>Included groups:</td><td></td>
</tr><tr>
<td>Excluded groups:</td><td></td>
</tr>
</table><p/>
<small><i>(Hover the method name to see the test class name)</i></small><p/>
<table width='100%' border='1' class='invocation-failed'>
<tr><td colspan='4' align='center'><b>FAILED TESTS</b></td></tr>
<tr><td><b>Test method</b></td>
<td><b>Attribute(s)</b></td>
<td width="30%"><b>Exception</b></td>
<td width="10%"><b>Time (seconds)</b></td>
<td><b>Instance</b></td>
</tr>
<tr>
<td title='com.simplilearn.phase2.Phase2_selenium_tetsng.AmazonLinVerificationByXpath.xpathLinkTest2()'><b>xpathLinkTest2</b><br>Test class: com.simplilearn.phase2.Phase2_selenium_tetsng.AmazonLinVerificationByXpath<br>Test method: Test Today deals Title Match</td>
<td><div><pre>org.openqa.selenium.NoSuchElementException: Unable to locate element: /html/body/div[1]/header/div/div[4]/div[2]/div[2]/div/a[5]
For documentation on this error, please visit: https://www.selenium.dev/documentation/webdriver/troubleshooting/errors#no-such-element-exception
Build info: version: &apos;4.15.0&apos;, revision: &apos;1d14b5521b&apos;
System info: os.name: &apos;Windows 10&apos;, os.arch: &apos;amd64&apos;, os.version: &apos;10.0&apos;, java.version: &apos;17.0.1&apos;
Driver info: org.openqa.selenium.firefox.FirefoxDriver
Command: [4837900f-a860-4ea6-bc1f-ef90b01f3dc8, findElement {using=xpath, value=/html/body/div[1]/header/div/div[4]/div[2]/div[2]/div/a[5]}]
Capabilities {acceptInsecureCerts: true, browserName: firefox, browserVersion: 92.0, moz:accessibilityChecks: false, moz:buildID: 20210903235534, moz:debuggerAddress: localhost:16554, moz:geckodriverVersion: 0.33.0, moz:headless: false, moz:processID: 16320, moz:profile: C:\Users\Predator\AppData\L..., moz:shutdownTimeout: 60000, moz:useNonSpecCompliantPointerOrigin: false, moz:webdriverClick: true, pageLoadStrategy: normal, platformName: windows, platformVersion: 10.0, proxy: Proxy(), se:cdp: ws://localhost:16554/devtoo..., se:cdpVersion: 85.0, setWindowRect: true, strictFileInteractability: false, timeouts: {implicit: 0, pageLoad: 300000, script: 30000}, unhandledPromptBehavior: dismiss and notify}
Session ID: 4837900f-a860-4ea6-bc1f-ef90b01f3dc8
	at org.openqa.selenium.remote.codec.w3c.W3CHttpResponseCodec.createException(W3CHttpResponseCodec.java:200)
	at org.openqa.selenium.remote.codec.w3c.W3CHttpResponseCodec.decode(W3CHttpResponseCodec.java:133)
	at org.openqa.selenium.remote.codec.w3c.W3CHttpResponseCodec.decode(W3CHttpResponseCodec.java:52)
	at org.openqa.selenium.remote.HttpCommandExecutor.execute(HttpCommandExecutor.java:191)
	at org.openqa.selenium.remote.service.DriverCommandExecutor.invokeExecute(DriverCommandExecutor.java:200)
	at org.openqa.selenium.remote.service.DriverCommandExecutor.execute(DriverCommandExecutor.java:175)
	at org.openqa.selenium.remote.RemoteWebDriver.execute(RemoteWebDriver.java:607)
	at org.openqa.selenium.remote.ElementLocation$ElementFinder$2.findElement(ElementLocation.java:165)
	at org.openqa.selenium.remote.ElementLocation.findElement(ElementLocation.java:59)
	at org.openqa.selenium.remote.RemoteWebDriver.findElement(RemoteWebDriver.java:364)
	at org.openqa.selenium.remote.RemoteWebDriver.findElement(RemoteWebDriver.java:358)
	at com.simplilearn.phase2.Phase2_selenium_tetsng.AmazonLinVerificationByXpath.xpathLinkTest2(AmazonLinVerificationByXpath.java:59)
	at java.base/java.util.ArrayList.forEach(ArrayList.java:1511)
... Removed 32 stack frames</pre></div><a href='#' onClick='toggleBox("stack-trace836621476", this, "Click to show all stack frames", "Click to hide stack frames")'>Click to show all stack frames</a>
<div class='stack-trace' id='stack-trace836621476'><pre>org.openqa.selenium.NoSuchElementException: Unable to locate element: /html/body/div[1]/header/div/div[4]/div[2]/div[2]/div/a[5]
For documentation on this error, please visit: https://www.selenium.dev/documentation/webdriver/troubleshooting/errors#no-such-element-exception
Build info: version: &apos;4.15.0&apos;, revision: &apos;1d14b5521b&apos;
System info: os.name: &apos;Windows 10&apos;, os.arch: &apos;amd64&apos;, os.version: &apos;10.0&apos;, java.version: &apos;17.0.1&apos;
Driver info: org.openqa.selenium.firefox.FirefoxDriver
Command: [4837900f-a860-4ea6-bc1f-ef90b01f3dc8, findElement {using=xpath, value=/html/body/div[1]/header/div/div[4]/div[2]/div[2]/div/a[5]}]
Capabilities {acceptInsecureCerts: true, browserName: firefox, browserVersion: 92.0, moz:accessibilityChecks: false, moz:buildID: 20210903235534, moz:debuggerAddress: localhost:16554, moz:geckodriverVersion: 0.33.0, moz:headless: false, moz:processID: 16320, moz:profile: C:\Users\Predator\AppData\L..., moz:shutdownTimeout: 60000, moz:useNonSpecCompliantPointerOrigin: false, moz:webdriverClick: true, pageLoadStrategy: normal, platformName: windows, platformVersion: 10.0, proxy: Proxy(), se:cdp: ws://localhost:16554/devtoo..., se:cdpVersion: 85.0, setWindowRect: true, strictFileInteractability: false, timeouts: {implicit: 0, pageLoad: 300000, script: 30000}, unhandledPromptBehavior: dismiss and notify}
Session ID: 4837900f-a860-4ea6-bc1f-ef90b01f3dc8
	at java.base/jdk.internal.reflect.NativeConstructorAccessorImpl.newInstance0(Native Method)
	at java.base/jdk.internal.reflect.NativeConstructorAccessorImpl.newInstance(NativeConstructorAccessorImpl.java:77)
	at java.base/jdk.internal.reflect.DelegatingConstructorAccessorImpl.newInstance(DelegatingConstructorAccessorImpl.java:45)
	at java.base/java.lang.reflect.Constructor.newInstanceWithCaller(Constructor.java:499)
	at java.base/java.lang.reflect.Constructor.newInstance(Constructor.java:480)
	at org.openqa.selenium.remote.codec.w3c.W3CHttpResponseCodec.createException(W3CHttpResponseCodec.java:200)
	at org.openqa.selenium.remote.codec.w3c.W3CHttpResponseCodec.decode(W3CHttpResponseCodec.java:133)
	at org.openqa.selenium.remote.codec.w3c.W3CHttpResponseCodec.decode(W3CHttpResponseCodec.java:52)
	at org.openqa.selenium.remote.HttpCommandExecutor.execute(HttpCommandExecutor.java:191)
	at org.openqa.selenium.remote.service.DriverCommandExecutor.invokeExecute(DriverCommandExecutor.java:200)
	at org.openqa.selenium.remote.service.DriverCommandExecutor.execute(DriverCommandExecutor.java:175)
	at org.openqa.selenium.remote.RemoteWebDriver.execute(RemoteWebDriver.java:607)
	at org.openqa.selenium.remote.ElementLocation$ElementFinder$2.findElement(ElementLocation.java:165)
	at org.openqa.selenium.remote.ElementLocation.findElement(ElementLocation.java:59)
	at org.openqa.selenium.remote.RemoteWebDriver.findElement(RemoteWebDriver.java:364)
	at org.openqa.selenium.remote.RemoteWebDriver.findElement(RemoteWebDriver.java:358)
	at com.simplilearn.phase2.Phase2_selenium_tetsng.AmazonLinVerificationByXpath.xpathLinkTest2(AmazonLinVerificationByXpath.java:59)
	at java.base/jdk.internal.reflect.NativeMethodAccessorImpl.invoke0(Native Method)
	at java.base/jdk.internal.reflect.NativeMethodAccessorImpl.invoke(NativeMethodAccessorImpl.java:77)
	at java.base/jdk.internal.reflect.DelegatingMethodAccessorImpl.invoke(DelegatingMethodAccessorImpl.java:43)
	at java.base/java.lang.reflect.Method.invoke(Method.java:568)
	at org.testng.internal.invokers.MethodInvocationHelper.invokeMethod(MethodInvocationHelper.java:139)
	at org.testng.internal.invokers.TestInvoker.invokeMethod(TestInvoker.java:664)
	at org.testng.internal.invokers.TestInvoker.invokeTestMethod(TestInvoker.java:227)
	at org.testng.internal.invokers.MethodRunner.runInSequence(MethodRunner.java:50)
	at org.testng.internal.invokers.TestInvoker$MethodInvocationAgent.invoke(TestInvoker.java:957)
	at org.testng.internal.invokers.TestInvoker.invokeTestMethods(TestInvoker.java:200)
	at org.testng.internal.invokers.TestMethodWorker.invokeTestMethods(TestMethodWorker.java:148)
	at org.testng.internal.invokers.TestMethodWorker.run(TestMethodWorker.java:128)
	at java.base/java.util.ArrayList.forEach(ArrayList.java:1511)
	at org.testng.TestRunner.privateRun(TestRunner.java:848)
	at org.testng.TestRunner.run(TestRunner.java:621)
	at org.testng.SuiteRunner.runTest(SuiteRunner.java:443)
	at org.testng.SuiteRunner.runSequentially(SuiteRunner.java:437)
	at org.testng.SuiteRunner.privateRun(SuiteRunner.java:397)
	at org.testng.SuiteRunner.run(SuiteRunner.java:336)
	at org.testng.SuiteRunnerWorker.runSuite(SuiteRunnerWorker.java:52)
	at org.testng.SuiteRunnerWorker.run(SuiteRunnerWorker.java:95)
	at org.testng.TestNG.runSuitesSequentially(TestNG.java:1280)
	at org.testng.TestNG.runSuitesLocally(TestNG.java:1200)
	at org.testng.TestNG.runSuites(TestNG.java:1114)
	at org.testng.TestNG.run(TestNG.java:1082)
	at org.testng.remote.AbstractRemoteTestNG.run(AbstractRemoteTestNG.java:115)
	at org.testng.remote.RemoteTestNG.initAndRun(RemoteTestNG.java:251)
	at org.testng.remote.RemoteTestNG.main(RemoteTestNG.java:77)
</pre></div></td>
<td>0</td>
<td>com.simplilearn.phase2.Phase2_selenium_tetsng.AmazonLinVerificationByXpath@9597028</td></tr>
</table><p>
<table width='100%' border='1' class='invocation-passed'>
<tr><td colspan='4' align='center'><b>PASSED TESTS</b></td></tr>
<tr><td><b>Test method</b></td>
<td><b>Attribute(s)</b></td>
<td width="30%"><b>Exception</b></td>
<td width="10%"><b>Time (seconds)</b></td>
<td><b>Instance</b></td>
</tr>
<tr>
<td title='com.simplilearn.phase2.Phase2_selenium_tetsng.AmazonLinkVerificationByCss.tdLinkTest2()'><b>tdLinkTest2</b><br>Test class: com.simplilearn.phase2.Phase2_selenium_tetsng.AmazonLinkVerificationByCss<br>Test method: Test Amazon Mobile Phones Title Match</td>
<td></td>
<td>2</td>
<td>com.simplilearn.phase2.Phase2_selenium_tetsng.AmazonLinkVerificationByCss@49139829</td></tr>
<tr>
<td title='com.simplilearn.phase2.Phase2_selenium_tetsng.AmazonLinkVerificationByCss.tdLinkTest1()'><b>tdLinkTest1</b><br>Test class: com.simplilearn.phase2.Phase2_selenium_tetsng.AmazonLinkVerificationByCss<br>Test method: Test Amazon Mobile Phones Title Match</td>
<td></td>
<td>3</td>
<td>com.simplilearn.phase2.Phase2_selenium_tetsng.AmazonLinkVerificationByCss@49139829</td></tr>
<tr>
<td title='com.simplilearn.phase2.Phase2_selenium_tetsng.AmazonSearchTest.testSearch2()'><b>testSearch2</b><br>Test class: com.simplilearn.phase2.Phase2_selenium_tetsng.AmazonSearchTest<br>Test method: Search Apple Mac book</td>
<td></td>
<td>2</td>
<td>com.simplilearn.phase2.Phase2_selenium_tetsng.AmazonSearchTest@6069db50</td></tr>
<tr>
<td title='com.simplilearn.phase2.Phase2_selenium_tetsng.amazonHomepageTest.testAmazonHomePageTitle2()'><b>testAmazonHomePageTitle2</b><br>Test class: com.simplilearn.phase2.Phase2_selenium_tetsng.amazonHomepageTest<br>Test method: Test Amazon Home Page Title Invalid Match</td>
<td></td>
<td>0</td>
<td>com.simplilearn.phase2.Phase2_selenium_tetsng.amazonHomepageTest@67d48005</td></tr>
<tr>
<td title='com.simplilearn.phase2.Phase2_selenium_tetsng.amazonHomepageTest.testAmazonHomePageTitle()'><b>testAmazonHomePageTitle</b><br>Test class: com.simplilearn.phase2.Phase2_selenium_tetsng.amazonHomepageTest<br>Test method: Test Amazon Home Page Title Match</td>
<td></td>
<td>0</td>
<td>com.simplilearn.phase2.Phase2_selenium_tetsng.amazonHomepageTest@67d48005</td></tr>
<tr>
<td title='com.simplilearn.phase2.Phase2_selenium_tetsng.AmazonSearchTest.testSearch1()'><b>testSearch1</b><br>Test class: com.simplilearn.phase2.Phase2_selenium_tetsng.AmazonSearchTest<br>Test method: Search Iphone 15 pro max</td>
<td></td>
<td>2</td>
<td>com.simplilearn.phase2.Phase2_selenium_tetsng.AmazonSearchTest@6069db50</td></tr>
<tr>
<td title='com.simplilearn.phase2.Phase2_selenium_tetsng.AmazonLinVerificationByXpath.xpathLinkTest1()'><b>xpathLinkTest1</b><br>Test class: com.simplilearn.phase2.Phase2_selenium_tetsng.AmazonLinVerificationByXpath<br>Test method: Test Amazon Mobile Phones Title Match</td>
<td></td>
<td>3</td>
<td>com.simplilearn.phase2.Phase2_selenium_tetsng.AmazonLinVerificationByXpath@9597028</td></tr>
<tr>
<td title='com.simplilearn.phase2.Phase2_selenium_tetsng.amazonHomepageTest.testAmazonHomePageSourceUrl()'><b>testAmazonHomePageSourceUrl</b><br>Test class: com.simplilearn.phase2.Phase2_selenium_tetsng.amazonHomepageTest<br>Test method: Test Amazon Home Page Source Url</td>
<td></td>
<td>0</td>
<td>com.simplilearn.phase2.Phase2_selenium_tetsng.amazonHomepageTest@67d48005</td></tr>
</table><p>
</body>
</html>