<?xml version="1.0" encoding="UTF-8"?>
<!-- Generated by org.testng.reporters.JUnitXMLReporter -->
<testsuite ignored="0" hostname="Nik" failures="1" tests="9" name="Amazon Test" time="69.3" errors="0" timestamp="2023-12-20T16:52:54 IST">
  <testcase classname="com.simplilearn.phase2.Phase2_selenium_tetsng.amazonHomepageTest" name="testAmazonHomePageSourceUrl" time="0.034"/>
  <testcase classname="com.simplilearn.phase2.Phase2_selenium_tetsng.amazonHomepageTest" name="testAmazonHomePageTitle" time="0.009"/>
  <testcase classname="com.simplilearn.phase2.Phase2_selenium_tetsng.amazonHomepageTest" name="testAmazonHomePageTitle2" time="0.018"/>
  <testcase classname="com.simplilearn.phase2.Phase2_selenium_tetsng.AmazonLinkVerificationByCss" name="tdLinkTest1" time="3.191"/>
  <testcase classname="com.simplilearn.phase2.Phase2_selenium_tetsng.AmazonLinkVerificationByCss" name="tdLinkTest2" time="2.439"/>
  <testcase classname="com.simplilearn.phase2.Phase2_selenium_tetsng.AmazonLinVerificationByXpath" name="xpathLinkTest1" time="3.887"/>
  <testcase classname="com.simplilearn.phase2.Phase2_selenium_tetsng.AmazonLinVerificationByXpath" name="xpathLinkTest2" time="0.325">
    <failure type="org.openqa.selenium.NoSuchElementException" message="Unable to locate element: /html/body/div[1]/header/div/div[4]/div[2]/div[2]/div/a[5]
For documentation on this error, please visit: https://www.selenium.dev/documentation/webdriver/troubleshooting/errors#no-such-element-exception
Build info: version: &amp;apos;4.15.0&amp;apos;, revision: &amp;apos;1d14b5521b&amp;apos;
System info: os.name: &amp;apos;Windows 10&amp;apos;, os.arch: &amp;apos;amd64&amp;apos;, os.version: &amp;apos;10.0&amp;apos;, java.version: &amp;apos;17.0.1&amp;apos;
Driver info: org.openqa.selenium.firefox.FirefoxDriver
Command: [4837900f-a860-4ea6-bc1f-ef90b01f3dc8, findElement {using=xpath, value=/html/body/div[1]/header/div/div[4]/div[2]/div[2]/div/a[5]}]
Capabilities {acceptInsecureCerts: true, browserName: firefox, browserVersion: 92.0, moz:accessibilityChecks: false, moz:buildID: 20210903235534, moz:debuggerAddress: localhost:16554, moz:geckodriverVersion: 0.33.0, moz:headless: false, moz:processID: 16320, moz:profile: C:\Users\Predator\AppData\L..., moz:shutdownTimeout: 60000, moz:useNonSpecCompliantPointerOrigin: false, moz:webdriverClick: true, pageLoadStrategy: normal, platformName: windows, platformVersion: 10.0, proxy: Proxy(), se:cdp: ws://localhost:16554/devtoo..., se:cdpVersion: 85.0, setWindowRect: true, strictFileInteractability: false, timeouts: {implicit: 0, pageLoad: 300000, script: 30000}, unhandledPromptBehavior: dismiss and notify}
Session ID: 4837900f-a860-4ea6-bc1f-ef90b01f3dc8">
      <![CDATA[org.openqa.selenium.NoSuchElementException: Unable to locate element: /html/body/div[1]/header/div/div[4]/div[2]/div[2]/div/a[5]
For documentation on this error, please visit: https://www.selenium.dev/documentation/webdriver/troubleshooting/errors#no-such-element-exception
Build info: version: '4.15.0', revision: '1d14b5521b'
System info: os.name: 'Windows 10', os.arch: 'amd64', os.version: '10.0', java.version: '17.0.1'
Driver info: org.openqa.selenium.firefox.FirefoxDriver
Command: [4837900f-a860-4ea6-bc1f-ef90b01f3dc8, findElement {using=xpath, value=/html/body/div[1]/header/div/div[4]/div[2]/div[2]/div/a[5]}]
Capabilities {acceptInsecureCerts: true, browserName: firefox, browserVersion: 92.0, moz:accessibilityChecks: false, moz:buildID: 20210903235534, moz:debuggerAddress: localhost:16554, moz:geckodriverVersion: 0.33.0, moz:headless: false, moz:processID: 16320, moz:profile: C:\Users\Predator\AppData\L..., moz:shutdownTimeout: 60000, moz:useNonSpecCompliantPointerOrigin: false, moz:webdriverClick: true, pageLoadStrategy: normal, platformName: windows, platformVersion: 10.0, proxy: Proxy(), se:cdp: ws://localhost:16554/devtoo..., se:cdpVersion: 85.0, setWindowRect: true, strictFileInteractability: false, timeouts: {implicit: 0, pageLoad: 300000, script: 30000}, unhandledPromptBehavior: dismiss and notify}
Session ID: 4837900f-a860-4ea6-bc1f-ef90b01f3dc8
at org.openqa.selenium.remote.codec.w3c.W3CHttpResponseCodec.createException(W3CHttpResponseCodec.java:200)
at org.openqa.selenium.remote.codec.w3c.W3CHttpResponseCodec.decode(W3CHttpResponseCodec.java:133)
at org.openqa.selenium.remote.codec.w3c.W3CHttpResponseCodec.decode(W3CHttpResponseCodec.java:52)
at org.openqa.selenium.remote.HttpCommandExecutor.execute(HttpCommandExecutor.java:191)
at org.openqa.selenium.remote.service.DriverCommandExecutor.invokeExecute(DriverCommandExecutor.java:200)
at org.openqa.selenium.remote.service.DriverCommandExecutor.execute(DriverCommandExecutor.java:175)
at org.openqa.selenium.remote.RemoteWebDriver.execute(RemoteWebDriver.java:607)
at org.openqa.selenium.remote.ElementLocation$ElementFinder$2.findElement(ElementLocation.java:165)
at org.openqa.selenium.remote.ElementLocation.findElement(ElementLocation.java:59)
at org.openqa.selenium.remote.RemoteWebDriver.findElement(RemoteWebDriver.java:364)
at org.openqa.selenium.remote.RemoteWebDriver.findElement(RemoteWebDriver.java:358)
at com.simplilearn.phase2.Phase2_selenium_tetsng.AmazonLinVerificationByXpath.xpathLinkTest2(AmazonLinVerificationByXpath.java:59)
at java.base/java.util.ArrayList.forEach(ArrayList.java:1511)
... Removed 32 stack frames]]>
    </failure>
  </testcase> <!-- xpathLinkTest2 -->
  <testcase classname="com.simplilearn.phase2.Phase2_selenium_tetsng.AmazonSearchTest" name="testSearch1" time="2.887"/>
  <testcase classname="com.simplilearn.phase2.Phase2_selenium_tetsng.AmazonSearchTest" name="testSearch2" time="2.273"/>
</testsuite> <!-- Amazon Test -->
