<?xml version="1.0" encoding="UTF-8"?>
<!-- Generated by org.testng.reporters.JUnitXMLReporter -->
<testsuite ignored="1" hostname="Nik" failures="1" tests="5" name="Group Test" time="0.238" errors="0" timestamp="2023-12-20T16:52:55 IST">
  <testcase classname="com.simplilearn.phase2.Phase2_selenium_tetsng.AttributeTest" name="r1" time="0.001"/>
  <testcase classname="com.simplilearn.phase2.Phase2_selenium_tetsng.AttributeTest" name="r2" time="0.216">
    <failure type="org.testng.internal.thread.ThreadTimeoutException" message="Method com.simplilearn.phase2.Phase2_selenium_tetsng.AttributeTest.r2() didn&amp;apos;t finish within the time-out 200">
      <![CDATA[org.testng.internal.thread.ThreadTimeoutException: Method com.simplilearn.phase2.Phase2_selenium_tetsng.AttributeTest.r2() didn't finish within the time-out 200
at java.base@17.0.1/java.lang.Thread.sleep(Native Method)
at app//com.simplilearn.phase2.Phase2_selenium_tetsng.AttributeTest.r2(AttributeTest.java:39)
at java.base@17.0.1/java.util.concurrent.FutureTask.run(FutureTask.java:264)
at java.base@17.0.1/java.util.concurrent.ThreadPoolExecutor.runWorker(ThreadPoolExecutor.java:1136)
at java.base@17.0.1/java.util.concurrent.ThreadPoolExecutor$Worker.run(ThreadPoolExecutor.java:635)
at java.base@17.0.1/java.lang.Thread.run(Thread.java:833)
... Removed 8 stack frames]]>
    </failure>
  </testcase> <!-- r2 -->
  <testcase classname="com.simplilearn.phase2.Phase2_selenium_tetsng.AttributeTest" name="r3" time="0.0">
    <skipped/>
  </testcase> <!-- r3 -->
  <testcase classname="com.simplilearn.phase2.Phase2_selenium_tetsng.AttributeTest" name="testOne" time="0.001"/>
  <testcase classname="com.simplilearn.phase2.Phase2_selenium_tetsng.AttributeTest" name="testTwo" time="0.0"/>
  <testcase classname="com.simplilearn.phase2.Phase2_selenium_tetsng.AttributeTest" name="testThree" time="0.0">
    <ignored/>
  </testcase> <!-- testThree -->
</testsuite> <!-- Group Test -->
