<!DOCTYPE html PUBLIC "-//W3C//DTD XHTML 1.1//EN" "https://www.w3.org/TR/xhtml11/DTD/xhtml11.dtd">
<html xmlns="https://www.w3.org/1999/xhtml">
<head>
<meta http-equiv="content-type" content="text/html; charset=UTF-8"/>
<title>TestNG Report</title>
<style type="text/css">table {margin-bottom:10px;border-collapse:collapse;empty-cells:show}th,td {border:1px solid #009;padding:.25em .5em}th {vertical-align:bottom}td {vertical-align:top}table a {font-weight:bold}.stripe td {background-color: #E6EBF9}.num {text-align:right}.passedodd td {background-color: #3F3}.passedeven td {background-color: #0A0}.skippedodd td {background-color: #DDD}.skippedeven td {background-color: #CCC}.failedodd td,.attn {background-color: #F33}.failedeven td,.stripe .attn {background-color: #D00}.stacktrace {white-space:pre;font-family:monospace}.totop {font-size:85%;text-align:center;border-bottom:2px solid #000}.invisible {display:none}</style>
</head>
<body>
<table>
<tr><th>Test</th><th># Passed</th><th># Skipped</th><th># Retried</th><th># Failed</th><th>Time (ms)</th><th>Included Groups</th><th>Excluded Groups</th></tr>
<tr><th colspan="8">eComWebapp TestSuite</th></tr>
<tr><td><a href="#t0">Amazon Test</a></td><td class="num">8</td><td class="num">0</td><td class="num">0</td><td class="num attn">1</td><td class="num">69,300</td><td></td><td></td></tr>
<tr class="stripe"><td><a href="#t1">Group Test</a></td><td class="num">3</td><td class="num attn">1</td><td class="num">0</td><td class="num attn">1</td><td class="num">238</td><td></td><td></td></tr>
<tr><td><a href="#t2">Other Test</a></td><td class="num">5</td><td class="num">0</td><td class="num">0</td><td class="num">0</td><td class="num">33</td><td></td><td></td></tr>
<tr><th>Total</th><th class="num">16</th><th class="num attn">1</th><th class="num">0</th><th class="num attn">2</th><th class="num">69,571</th><th colspan="2"></th></tr>
</table>
<table id='summary'><thead><tr><th>Class</th><th>Method</th><th>Start</th><th>Time (ms)</th></tr></thead><tbody><tr><th colspan="4">eComWebapp TestSuite</th></tr></tbody><tbody id="t0"><tr><th colspan="4">Amazon Test &#8212; failed</th></tr><tr class="failedeven"><td rowspan="1">com.simplilearn.phase2.Phase2_selenium_tetsng.AmazonLinVerificationByXpath</td><td><a href="#m0">xpathLinkTest2</a></td><td rowspan="1">1703071361971</td><td rowspan="1">325</td></tr><tr><th colspan="4">Amazon Test &#8212; passed</th></tr><tr class="passedeven"><td rowspan="1">com.simplilearn.phase2.Phase2_selenium_tetsng.AmazonLinVerificationByXpath</td><td><a href="#m1">xpathLinkTest1</a></td><td rowspan="1">1703071351898</td><td rowspan="1">3887</td></tr><tr class="passedodd"><td rowspan="2">com.simplilearn.phase2.Phase2_selenium_tetsng.AmazonLinkVerificationByCss</td><td><a href="#m2">tdLinkTest1</a></td><td rowspan="1">1703071333631</td><td rowspan="1">3191</td></tr><tr class="passedodd"><td><a href="#m3">tdLinkTest2</a></td><td rowspan="1">1703071343568</td><td rowspan="1">2439</td></tr><tr class="passedeven"><td rowspan="2">com.simplilearn.phase2.Phase2_selenium_tetsng.AmazonSearchTest</td><td><a href="#m4">testSearch1</a></td><td rowspan="1">1703071368721</td><td rowspan="1">2887</td></tr><tr class="passedeven"><td><a href="#m5">testSearch2</a></td><td rowspan="1">1703071371609</td><td rowspan="1">2273</td></tr><tr class="passedodd"><td rowspan="3">com.simplilearn.phase2.Phase2_selenium_tetsng.amazonHomepageTest</td><td><a href="#m6">testAmazonHomePageSourceUrl</a></td><td rowspan="1">1703071314062</td><td rowspan="1">34</td></tr><tr class="passedodd"><td><a href="#m7">testAmazonHomePageTitle</a></td><td rowspan="1">1703071321238</td><td rowspan="1">9</td></tr><tr class="passedodd"><td><a href="#m8">testAmazonHomePageTitle2</a></td><td rowspan="1">1703071327508</td><td rowspan="1">18</td></tr></tbody>
<tbody id="t1"><tr><th colspan="4">Group Test &#8212; failed</th></tr><tr class="failedeven"><td rowspan="1">com.simplilearn.phase2.Phase2_selenium_tetsng.AttributeTest</td><td><a href="#m9">r2</a></td><td rowspan="1">1703071374889</td><td rowspan="1">216</td></tr><tr><th colspan="4">Group Test &#8212; skipped</th></tr><tr class="skippedeven"><td rowspan="1">com.simplilearn.phase2.Phase2_selenium_tetsng.AttributeTest</td><td><a href="#m10">r3</a></td><td rowspan="1">1703071375109</td><td rowspan="1">0</td></tr><tr><th colspan="4">Group Test &#8212; passed</th></tr><tr class="passedeven"><td rowspan="3">com.simplilearn.phase2.Phase2_selenium_tetsng.AttributeTest</td><td><a href="#m11">r1</a></td><td rowspan="1">1703071374883</td><td rowspan="1">1</td></tr><tr class="passedeven"><td><a href="#m12">testOne</a></td><td rowspan="1">1703071375112</td><td rowspan="1">1</td></tr><tr class="passedeven"><td><a href="#m13">testTwo</a></td><td rowspan="1">1703071375115</td><td rowspan="1">0</td></tr></tbody>
<tbody id="t2"><tr><th colspan="4">Other Test &#8212; passed</th></tr><tr class="passedeven"><td rowspan="3">com.simplilearn.phase2.Phase2_selenium_tetsng.AssertionTest</td><td><a href="#m14">hardAssertTest</a></td><td rowspan="1">1703071375134</td><td rowspan="1">1</td></tr><tr class="passedeven"><td><a href="#m15">softAssertTest</a></td><td rowspan="1">1703071375137</td><td rowspan="1">16</td></tr><tr class="passedeven"><td><a href="#m16">testAsserts</a></td><td rowspan="1">1703071375154</td><td rowspan="1">1</td></tr><tr class="passedodd"><td rowspan="2">com.simplilearn.phase2.Phase2_selenium_tetsng.TestNgStandardAnnotaion</td><td><a href="#m17">testOne</a></td><td rowspan="1">1703071375125</td><td rowspan="1">2</td></tr><tr class="passedodd"><td><a href="#m18">testTwo</a></td><td rowspan="1">1703071375129</td><td rowspan="1">2</td></tr></tbody>
</table>
<h2>Amazon Test</h2><h3 id="m0">com.simplilearn.phase2.Phase2_selenium_tetsng.AmazonLinVerificationByXpath#xpathLinkTest2</h3><table class="result"><tr><th>Exception</th></tr><tr><td><div class="stacktrace">org.openqa.selenium.NoSuchElementException: Unable to locate element: /html/body/div[1]/header/div/div[4]/div[2]/div[2]/div/a[5]
For documentation on this error, please visit: https://www.selenium.dev/documentation/webdriver/troubleshooting/errors#no-such-element-exception
Build info: version: &apos;4.15.0&apos;, revision: &apos;1d14b5521b&apos;
System info: os.name: &apos;Windows 10&apos;, os.arch: &apos;amd64&apos;, os.version: &apos;10.0&apos;, java.version: &apos;17.0.1&apos;
Driver info: org.openqa.selenium.firefox.FirefoxDriver
Command: [4837900f-a860-4ea6-bc1f-ef90b01f3dc8, findElement {using=xpath, value=/html/body/div[1]/header/div/div[4]/div[2]/div[2]/div/a[5]}]
Capabilities {acceptInsecureCerts: true, browserName: firefox, browserVersion: 92.0, moz:accessibilityChecks: false, moz:buildID: 20210903235534, moz:debuggerAddress: localhost:16554, moz:geckodriverVersion: 0.33.0, moz:headless: false, moz:processID: 16320, moz:profile: C:\Users\Predator\AppData\L..., moz:shutdownTimeout: 60000, moz:useNonSpecCompliantPointerOrigin: false, moz:webdriverClick: true, pageLoadStrategy: normal, platformName: windows, platformVersion: 10.0, proxy: Proxy(), se:cdp: ws://localhost:16554/devtoo..., se:cdpVersion: 85.0, setWindowRect: true, strictFileInteractability: false, timeouts: {implicit: 0, pageLoad: 300000, script: 30000}, unhandledPromptBehavior: dismiss and notify}
Session ID: 4837900f-a860-4ea6-bc1f-ef90b01f3dc8
	at org.openqa.selenium.remote.codec.w3c.W3CHttpResponseCodec.createException(W3CHttpResponseCodec.java:200)
	at org.openqa.selenium.remote.codec.w3c.W3CHttpResponseCodec.decode(W3CHttpResponseCodec.java:133)
	at org.openqa.selenium.remote.codec.w3c.W3CHttpResponseCodec.decode(W3CHttpResponseCodec.java:52)
	at org.openqa.selenium.remote.HttpCommandExecutor.execute(HttpCommandExecutor.java:191)
	at org.openqa.selenium.remote.service.DriverCommandExecutor.invokeExecute(DriverCommandExecutor.java:200)
	at org.openqa.selenium.remote.service.DriverCommandExecutor.execute(DriverCommandExecutor.java:175)
	at org.openqa.selenium.remote.RemoteWebDriver.execute(RemoteWebDriver.java:607)
	at org.openqa.selenium.remote.ElementLocation$ElementFinder$2.findElement(ElementLocation.java:165)
	at org.openqa.selenium.remote.ElementLocation.findElement(ElementLocation.java:59)
	at org.openqa.selenium.remote.RemoteWebDriver.findElement(RemoteWebDriver.java:364)
	at org.openqa.selenium.remote.RemoteWebDriver.findElement(RemoteWebDriver.java:358)
	at com.simplilearn.phase2.Phase2_selenium_tetsng.AmazonLinVerificationByXpath.xpathLinkTest2(AmazonLinVerificationByXpath.java:59)
	at java.base/java.util.ArrayList.forEach(ArrayList.java:1511)
... Removed 32 stack frames</div></td></tr></table><p class="totop"><a href="#summary">back to summary</a></p>
<h3 id="m1">com.simplilearn.phase2.Phase2_selenium_tetsng.AmazonLinVerificationByXpath#xpathLinkTest1</h3><table class="result"><tr><th class="invisible"/></tr></table><p class="totop"><a href="#summary">back to summary</a></p>
<h3 id="m2">com.simplilearn.phase2.Phase2_selenium_tetsng.AmazonLinkVerificationByCss#tdLinkTest1</h3><table class="result"><tr><th class="invisible"/></tr></table><p class="totop"><a href="#summary">back to summary</a></p>
<h3 id="m3">com.simplilearn.phase2.Phase2_selenium_tetsng.AmazonLinkVerificationByCss#tdLinkTest2</h3><table class="result"><tr><th class="invisible"/></tr></table><p class="totop"><a href="#summary">back to summary</a></p>
<h3 id="m4">com.simplilearn.phase2.Phase2_selenium_tetsng.AmazonSearchTest#testSearch1</h3><table class="result"><tr><th class="invisible"/></tr></table><p class="totop"><a href="#summary">back to summary</a></p>
<h3 id="m5">com.simplilearn.phase2.Phase2_selenium_tetsng.AmazonSearchTest#testSearch2</h3><table class="result"><tr><th class="invisible"/></tr></table><p class="totop"><a href="#summary">back to summary</a></p>
<h3 id="m6">com.simplilearn.phase2.Phase2_selenium_tetsng.amazonHomepageTest#testAmazonHomePageSourceUrl</h3><table class="result"><tr><th class="invisible"/></tr></table><p class="totop"><a href="#summary">back to summary</a></p>
<h3 id="m7">com.simplilearn.phase2.Phase2_selenium_tetsng.amazonHomepageTest#testAmazonHomePageTitle</h3><table class="result"><tr><th class="invisible"/></tr></table><p class="totop"><a href="#summary">back to summary</a></p>
<h3 id="m8">com.simplilearn.phase2.Phase2_selenium_tetsng.amazonHomepageTest#testAmazonHomePageTitle2</h3><table class="result"><tr><th class="invisible"/></tr></table><p class="totop"><a href="#summary">back to summary</a></p>
<h2>Group Test</h2><h3 id="m9">com.simplilearn.phase2.Phase2_selenium_tetsng.AttributeTest#r2</h3><table class="result"><tr><th>Exception</th></tr><tr><td><div class="stacktrace">org.testng.internal.thread.ThreadTimeoutException: Method com.simplilearn.phase2.Phase2_selenium_tetsng.AttributeTest.r2() didn&apos;t finish within the time-out 200
	at java.base@17.0.1/java.lang.Thread.sleep(Native Method)
	at app//com.simplilearn.phase2.Phase2_selenium_tetsng.AttributeTest.r2(AttributeTest.java:39)
	at java.base@17.0.1/java.util.concurrent.FutureTask.run(FutureTask.java:264)
	at java.base@17.0.1/java.util.concurrent.ThreadPoolExecutor.runWorker(ThreadPoolExecutor.java:1136)
	at java.base@17.0.1/java.util.concurrent.ThreadPoolExecutor$Worker.run(ThreadPoolExecutor.java:635)
	at java.base@17.0.1/java.lang.Thread.run(Thread.java:833)
... Removed 8 stack frames</div></td></tr></table><p class="totop"><a href="#summary">back to summary</a></p>
<h3 id="m10">com.simplilearn.phase2.Phase2_selenium_tetsng.AttributeTest#r3</h3><table class="result"><tr><th>Exception</th></tr><tr><td><div class="stacktrace">java.lang.Throwable: Method AttributeTest.r3()[pri:0, instance:com.simplilearn.phase2.Phase2_selenium_tetsng.AttributeTest@5fe94a96] depends on not successfully finished methods in group &quot;Regression Test&quot;
	at java.base/java.util.ArrayList.forEach(ArrayList.java:1511)
... Removed 18 stack frames</div></td></tr></table><p class="totop"><a href="#summary">back to summary</a></p>
<h3 id="m11">com.simplilearn.phase2.Phase2_selenium_tetsng.AttributeTest#r1</h3><table class="result"><tr><th class="invisible"/></tr></table><p class="totop"><a href="#summary">back to summary</a></p>
<h3 id="m12">com.simplilearn.phase2.Phase2_selenium_tetsng.AttributeTest#testOne</h3><table class="result"><tr><th class="invisible"/></tr></table><p class="totop"><a href="#summary">back to summary</a></p>
<h3 id="m13">com.simplilearn.phase2.Phase2_selenium_tetsng.AttributeTest#testTwo</h3><table class="result"><tr><th class="invisible"/></tr></table><p class="totop"><a href="#summary">back to summary</a></p>
<h2>Other Test</h2><h3 id="m14">com.simplilearn.phase2.Phase2_selenium_tetsng.AssertionTest#hardAssertTest</h3><table class="result"><tr><th class="invisible"/></tr></table><p class="totop"><a href="#summary">back to summary</a></p>
<h3 id="m15">com.simplilearn.phase2.Phase2_selenium_tetsng.AssertionTest#softAssertTest</h3><table class="result"><tr><th class="invisible"/></tr></table><p class="totop"><a href="#summary">back to summary</a></p>
<h3 id="m16">com.simplilearn.phase2.Phase2_selenium_tetsng.AssertionTest#testAsserts</h3><table class="result"><tr><th class="invisible"/></tr></table><p class="totop"><a href="#summary">back to summary</a></p>
<h3 id="m17">com.simplilearn.phase2.Phase2_selenium_tetsng.TestNgStandardAnnotaion#testOne</h3><table class="result"><tr><th class="invisible"/></tr></table><p class="totop"><a href="#summary">back to summary</a></p>
<h3 id="m18">com.simplilearn.phase2.Phase2_selenium_tetsng.TestNgStandardAnnotaion#testTwo</h3><table class="result"><tr><th class="invisible"/></tr></table><p class="totop"><a href="#summary">back to summary</a></p>
</body>
</html>
